Warning: Design 'vsdcaravel' has '118' unresolved references. For more detailed information, use the "link" command. (UID-341)
 
****************************************
Report : area
Design : vsdcaravel
Version: T-2022.03-SP5
Date   : Tue Dec 16 17:20:28 2025
****************************************

Library(s) Used:

    tsl18fs120_scl_ff (File: /home/Synopsys/pdk/SCL_PDK_3/SCLPDK_V3.0_KIT/scl180/stdcell/fs120/4M1IL/liberty/lib_flow_ff/tsl18fs120_scl_ff.db)
    tsl18cio250_min (File: /home/Synopsys/pdk/SCL_PDK_3/SCLPDK_V3.0_KIT/scl180/iopad/cio250/4M1L/liberty/tsl18cio250_min.db)

Number of ports:                        15330
Number of nets:                         30472
Number of cells:                        24495
Number of combinational cells:          17388
Number of sequential cells:              6319
Number of macros/black boxes:              17
Number of buf/inv:                       3146
Number of references:                       2

Combinational area:             313128.269899
Buf/Inv area:                    24915.799936
Noncombinational area:          385412.699013
Macro/Black Box area:             1395.760063
Net Interconnect area:           28991.197819

Total cell area:                699936.728975
Total area:                     728927.926794

Information: This design contains black box (unknown) components. (RPT-8)
1
