 
****************************************
Report : area
Design : RAM128
Version: T-2022.03-SP5
Date   : Tue Dec 16 16:24:31 2025
****************************************

Information: Updating design information... (UID-85)
Library(s) Used:

    No libraries used.

Number of ports:                           79
Number of nets:                             0
Number of cells:                            0
Number of combinational cells:              0
Number of sequential cells:                 0
Number of macros/black boxes:               0
Number of buf/inv:                          0
Number of references:                       0

Combinational area:                  0.000000
Buf/Inv area:                        0.000000
Noncombinational area:               0.000000
Macro/Black Box area:                0.000000
Net Interconnect area:      undefined  (Wire load has zero net area)

Total cell area:                     0.000000
Total area:                 undefined
1
